=============== Next Dump ===============
100%  [love "callbacks.lua"]:144 < xpcall < [love "boot.lua"]:337
  <- 100%  C code
=============== Next Dump ===============
100%  [love "callbacks.lua"]:144 < xpcall < [love "boot.lua"]:337
  <- 100%  C code
=============== Next Dump ===============
=============== Next Dump ===============
[No samples collected]
=============== Next Dump ===============
=============== Next Dump ===============
100%  [love "callbacks.lua"]:144 < xpcall < [love "boot.lua"]:337
  <- 100%  C code
=============== Next Dump ===============
[No samples collected]
[No samples collected]
[No samples collected]
[No samples collected]
[No samples collected]
[No samples collected]
=============== Next Dump ===============
=============== Next Dump ===============
[No samples collected]
[No samples collected]
[No samples collected]
- 100%  C code
=============== Next Dump ===============
100%  [love "callbacks.lua"]:144 < xpcall < [love "boot.lua"]:337
  <- 100%  C code
=============== Next Dump ===============
67%  [love "callbacks.lua"]:144 < xpcall < [love "boot.lua"]:337
  <- 100%  C code
33%  bump.lua:getResponseByName < bump.lua:check < bump.lua:move < Scene.lua:update < InGameScene.lua:update
  <- 100%  JIT Compiler
=============== Next Dump ===============
83%  [love "callbacks.lua"]:144 < xpcall < [love "boot.lua"]:337
  <- 100%  C code
17%  bump.lua:project < bump.lua:check < bump.lua:move < Scene.lua:update < InGameScene.lua:update
  <- 100%  Garbage Collector
=============== Next Dump ===============
=============== Next Dump ===============
[No samples collected]
[No samples collected]
estCorner < bump.lua:rect_detectCollision < bump.lua:project < bump.lua:check
  <- 100%  JIT Compiler
=============== Next Dump ===============
50%  [love "callbacks.lua"]:144 < xpcall < [love "boot.lua"]:337
  <- 100%  C code
29%  bump.lua:project < bump.lua:response < bump.lua:check < bump.lua:move < Scene.lua:update
  <- 75%  Garbage Collector
  <- 25%  JIT Compiler
 7%  bump.lua:332 < sort < bump.lua:project < bump.lua:check < bump.lua:move
  <- 100%  Garbage Collector
 7%  bump.lua:nearest < bump.lua:rect_getNearestCorner < bump.lua:rect_detectCollision < bump.lua:project < bump.lua:response
  <- 100%  JIT Compiler
 7%  InventoryManager.lua:draw < Scene.lua:draw < InGameScene.lua:draw < Fsm.lua:draw < AbstractGame.lua:draw
  <- 100%  JIT Compiler
=============== Next Dump ===============
100%  bump.lua:nearest < bump.lua:rect_getNearestCorner < bump.lua:rect_detectCollision < bump.lua:project < bump.lua:response
  <- 100%  C code
=============== Next Dump ===============
30%  bump.lua:project < bump.lua:response < bump.lua:check < bump.lua:move < Scene.lua:update
  <- 83%  Garbage Collector
  <- 17%  Compiled
15%  bump.lua:project < bump.lua:check < bump.lua:move < Scene.lua:update < InGameScene.lua:update
  <- 100%  Garbage Collector
 5%  bump.lua:getRect < bump.lua:update < bump.lua:move < Scene.lua:update < InGameScene.lua:update
  <- 100%  Compiled
 5%  bump.lua:rect_getSegmentIntersectionIndices < bump.lua:rect_detectCollision < bump.lua:project < bump.lua:check < bump.lua:move
  <- 100%  C code
 5%  bump.lua:rect_detectCollision < bump.lua:project < bump.lua:response < bump.lua:check < bump.lua:move
  <- 100%  JIT Compiler
 5%  bump.lua:check < bump.lua:move < Scene.lua:update < InGameScene.lua:update < Fsm.lua:update
  <- 100%  Garbage Collector
 5%  bump.lua:rect_detectCollision < bump.lua:project < bump.lua:check < bump.lua:move < Scene.lua:update
  <- 100%  Compiled
 5%  bump.lua:getDictItemsInCellRect < bump.lua:project < bump.lua:response < bump.lua:check < bump.lua:move
  <- 100%  Compiled
 5%  bump.lua:move < Scene.lua:update < InGameScene.lua:update < Fsm.lua:update < AbstractGame.lua:update
  <- 100%  Interpreted
 5%  bump.lua:getDictItemsInCellRect < bump.lua:project < bump.lua:check < bump.lua:move < Scene.lua:update
  <- 100%  Compiled
 5%  AssetRegistry.lua:getSprInv < InventoryManager.lua:draw < Scene.lua:draw < InGameScene.lua:draw < Fsm.lua:draw
  <- 100%  JIT Compiler
 5%  bump.lua:rect_containsPoint < bump.lua:rect_detectCollision < bump.lua:project < bump.lua:check < bump.lua:move
  <- 100%  JIT Compiler
 5%  bump.lua:nearest < bump.lua:rect_getNearestCorner < bump.lua:rect_detectCollision < bump.lua:project < bump.lua:response
  <- 100%  C code
=============== Next Dump ===============
=============== Next Dump ===============
[No samples collected]
[No samples collected]
=============== Next Dump ===============
[No samples collected]
[No samples collected]
estCorner < bump.lua:rect_detectCollision < bump.lua:project < bump.lua:check
  <- 100%  C code
=============== Next Dump ===============
45%  bump.lua:project < bump.lua:response < bump.lua:check < bump.lua:move < Scene.lua:update
  <- 59%  Garbage Collector
  <- 41%  Compiled
11%  bump.lua:project < bump.lua:check < bump.lua:move < Scene.lua:update < InGameScene.lua:update
  <- 50%  Garbage Collector
  <- 50%  Compiled
 8%  bump.lua:rect_detectCollision < bump.lua:project < bump.lua:response < bump.lua:check < bump.lua:move
  <- 33%  C code
  <- 33%  Compiled
  <- 33%  JIT Compiler
 5%  bump.lua:filter < bump.lua:project < bump.lua:response < bump.lua:check < bump.lua:move
  <- 100%  Compiled
 5%  bump.lua:rect_detectCollision < bump.lua:project < bump.lua:check < bump.lua:move < Scene.lua:update
  <- 100%  Compiled
 3%  bump.lua:rect_getSegmentIntersectionIndices < bump.lua:rect_detectCollision < bump.lua:project < bump.lua:response < bump.lua:check
  <- 100%  Compiled
 3%  bump.lua:getDictItemsInCellRect < bump.lua:project < bump.lua:response < bump.lua:check < bump.lua:move
  <- 100%  Compiled
 3%  bump.lua:332 < sort < bump.lua:project < bump.lua:check < bump.lua:move
  <- 100%  C code
 3%  [love "callbacks.lua"]:144 < xpcall < [love "boot.lua"]:337
  <- 100%  Interpreted
 3%  InGameScene.lua:draw < Fsm.lua:draw < AbstractGame.lua:draw < Game.lua:draw < [love "callbacks.lua"]:144
  <- 100%  C code
 3%  WorldObject.lua:draw < Scene.lua:draw < InGameScene.lua:draw < Fsm.lua:draw < AbstractGame.lua:draw
  <- 100%  Compiled
 3%  WorldObject.lua:draw < DryadTree.lua:draw < Scene.lua:draw < InGameScene.lua:draw < Fsm.lua:draw
  <- 100%  C code
 3%  bump.lua:332 < sort < bump.lua:project < bump.lua:response < bump.lua:check
  <- 100%  Garbage Collector
 3%  brinevector.lua:angled < brinevector.lua:__newindex < GopherSpawner.lua:func < Scheduler.lua:execute < Scheduler.lua:process
  <- 100%  Interpreted
 3%  bump.lua:nearest < bump.lua:rect_getNearestCorner < bump.lua:rect_detectCollision < bump.lua:project < bump.lua:response
  <- 100%  JIT Compiler
=============== Next Dump ===============
=============== Next Dump ===============
[No samples collected]
[No samples collected]
=============== Next Dump ===============
[No samples collected]
[No samples collected]
estCorner < bump.lua:rect_detectCollision < bump.lua:project < bump.lua:check
  <- 100%  Interpreted
=============== Next Dump ===============
24%  bump.lua:project < bump.lua:response < bump.lua:check < bump.lua:move < Scene.lua:update
  <- 83%  Compiled
  <-  8%  Garbage Collector
  <-  8%  Interpreted
12%  bump.lua:filter < bump.lua:project < bump.lua:response < bump.lua:check < bump.lua:move
  <- 100%  Garbage Collector
12%  bump.lua:rect_detectCollision < bump.lua:project < bump.lua:response < bump.lua:check < bump.lua:move
  <- 100%  Compiled
10%  bump.lua:filter < bump.lua:project < bump.lua:check < bump.lua:move < Scene.lua:update
  <- 100%  Garbage Collector
10%  bump.lua:getDictItemsInCellRect < bump.lua:project < bump.lua:response < bump.lua:check < bump.lua:move
  <- 100%  Compiled
 8%  bump.lua:project < bump.lua:check < bump.lua:move < Scene.lua:update < InGameScene.lua:update
  <- 100%  Compiled
 4%  bump.lua:332 < sort < bump.lua:project < bump.lua:response < bump.lua:check
  <- 100%  C code
 4%  bump.lua:response < bump.lua:check < bump.lua:move < Scene.lua:update < InGameScene.lua:update
  <- 100%  Compiled
=============== Next Dump ===============
=============== Next Dump ===============
